<?xml version="1.0" encoding="UTF-8"?>
<testsuite name="Test One"
           tests="3"
           failures="1"
           errors="0"
           skipped="0"
           time="0.205">
  <properties />
            <testcase name="assertion_Method1" time="0.144" classname="com.TestNGAssertions.webdriver.AssertNotEquals">
                <failure type="java.lang.AssertionError"
                  message="Expected and actual match in assertion_method_1"
              >
<![CDATA[java.lang.AssertionError: Expected and actual match in assertion_method_1
  org.testng.Assert.fail(Assert.java:96)
  org.testng.Assert.assertNotEquals(Assert.java:1157)
  com.TestNGAssertions.webdriver.AssertNotEquals.assertion_Method1(AssertNotEquals.java:41)
  sun.reflect.NativeMethodAccessorImpl.invoke0(Native Method)
  sun.reflect.NativeMethodAccessorImpl.invoke(Unknown Source)
  sun.reflect.DelegatingMethodAccessorImpl.invoke(Unknown Source)
  java.lang.reflect.Method.invoke(Unknown Source)
  org.testng.internal.MethodInvocationHelper.invokeMethod(MethodInvocationHelper.java:124)
  org.testng.internal.Invoker.invokeMethod(Invoker.java:580)
  org.testng.internal.Invoker.invokeTestMethod(Invoker.java:716)
  org.testng.internal.Invoker.invokeTestMethods(Invoker.java:988)
  org.testng.internal.TestMethodWorker.invokeTestMethods(TestMethodWorker.java:125)
  org.testng.internal.TestMethodWorker.run(TestMethodWorker.java:109)
  org.testng.TestRunner.privateRun(TestRunner.java:648)
  org.testng.TestRunner.run(TestRunner.java:505)
  org.testng.SuiteRunner.runTest(SuiteRunner.java:455)
  org.testng.SuiteRunner.runSequentially(SuiteRunner.java:450)
  org.testng.SuiteRunner.privateRun(SuiteRunner.java:415)
  org.testng.SuiteRunner.run(SuiteRunner.java:364)
  org.testng.SuiteRunnerWorker.runSuite(SuiteRunnerWorker.java:52)
  org.testng.SuiteRunnerWorker.run(SuiteRunnerWorker.java:84)
  org.testng.TestNG.runSuitesSequentially(TestNG.java:1208)
  org.testng.TestNG.runSuitesLocally(TestNG.java:1137)
  org.testng.TestNG.runSuites(TestNG.java:1049)
  org.testng.TestNG.run(TestNG.java:1017)
  org.testng.remote.AbstractRemoteTestNG.run(AbstractRemoteTestNG.java:114)
  org.testng.remote.RemoteTestNG.initAndRun(RemoteTestNG.java:251)
  org.testng.remote.RemoteTestNG.main(RemoteTestNG.java:77)
]]>
      </failure>

          </testcase>
  
  
            <testcase name="assertion_Method2" time="0.004" classname="com.TestNGAssertions.webdriver.AssertNotEquals" />
                <testcase name="verification_method" time="0.057" classname="com.TestNGAssertions.webdriver.AssertNotEquals" />
      
</testsuite>
