<?xml version="1.0" encoding="UTF-8"?>
<!-- Generated by org.testng.reporters.JUnitReportReporter -->
<testsuite skipped="0" hostname="venkay32" name="com.AdvancedUserInteractionsAPI.webdriver.DownloadAndSaveImageByRobotandActionsCls" tests="1" failures="0" timestamp="29 Oct 2019 21:06:56 GMT" time="0.101" errors="1">
  <testcase name="testDownloadAndSaveImageByRobotandActionsCls" time="0.101" classname="com.AdvancedUserInteractionsAPI.webdriver.DownloadAndSaveImageByRobotandActionsCls">
    <error type="org.openqa.selenium.interactions.MoveTargetOutOfBoundsException" message="(299, 821.0499649047852) is out of bounds of viewport width (1280) and height (612)
Build info: version: &#039;3.4.0&#039;, revision: &#039;unknown&#039;, time: &#039;unknown&#039;
System info: host: &#039;VENKAY32&#039;, ip: &#039;192.168.43.209&#039;, os.name: &#039;Windows 10&#039;, os.arch: &#039;amd64&#039;, os.version: &#039;10.0&#039;, java.version: &#039;1.8.0_171&#039;
Driver info: org.openqa.selenium.firefox.FirefoxDriver
Capabilities [{moz:profile=C:\Users\VenkatakrishnaY\AppData\Local\Temp\rust_mozprofile.woXvH66WqT0v, rotatable=false, timeouts={implicit=0.0, pageLoad=300000.0, script=30000.0}, pageLoadStrategy=normal, moz:headless=false, platform=ANY, specificationLevel=0.0, moz:accessibilityChecks=false, acceptInsecureCerts=false, browserVersion=56.0, platformVersion=10.0, moz:processID=28952.0, browserName=firefox, javascriptEnabled=true, platformName=windows_nt}]
Session ID: 45d8f241-191c-4fe0-930a-2b126cd8d876">
      <![CDATA[org.openqa.selenium.interactions.MoveTargetOutOfBoundsException: (299, 821.0499649047852) is out of bounds of viewport width (1280) and height (612)
Build info: version: '3.4.0', revision: 'unknown', time: 'unknown'
System info: host: 'VENKAY32', ip: '192.168.43.209', os.name: 'Windows 10', os.arch: 'amd64', os.version: '10.0', java.version: '1.8.0_171'
Driver info: org.openqa.selenium.firefox.FirefoxDriver
Capabilities [{moz:profile=C:\Users\VenkatakrishnaY\AppData\Local\Temp\rust_mozprofile.woXvH66WqT0v, rotatable=false, timeouts={implicit=0.0, pageLoad=300000.0, script=30000.0}, pageLoadStrategy=normal, moz:headless=false, platform=ANY, specificationLevel=0.0, moz:accessibilityChecks=false, acceptInsecureCerts=false, browserVersion=56.0, platformVersion=10.0, moz:processID=28952.0, browserName=firefox, javascriptEnabled=true, platformName=windows_nt}]
Session ID: 45d8f241-191c-4fe0-930a-2b126cd8d876
at sun.reflect.NativeConstructorAccessorImpl.newInstance0(Native Method)
at sun.reflect.NativeConstructorAccessorImpl.newInstance(Unknown Source)
at sun.reflect.DelegatingConstructorAccessorImpl.newInstance(Unknown Source)
at java.lang.reflect.Constructor.newInstance(Unknown Source)
at org.openqa.selenium.remote.http.W3CHttpResponseCodec.createException(W3CHttpResponseCodec.java:150)
at org.openqa.selenium.remote.http.W3CHttpResponseCodec.decode(W3CHttpResponseCodec.java:115)
at org.openqa.selenium.remote.http.W3CHttpResponseCodec.decode(W3CHttpResponseCodec.java:45)
at org.openqa.selenium.remote.HttpCommandExecutor.execute(HttpCommandExecutor.java:164)
at org.openqa.selenium.remote.service.DriverCommandExecutor.execute(DriverCommandExecutor.java:82)
at org.openqa.selenium.remote.RemoteWebDriver.execute(RemoteWebDriver.java:637)
at org.openqa.selenium.remote.RemoteWebDriver.perform(RemoteWebDriver.java:703)
at org.openqa.selenium.interactions.Actions$BuiltAction.perform(Actions.java:631)
at com.AdvancedUserInteractionsAPI.webdriver.DownloadAndSaveImageByRobotandActionsCls.testDownloadAndSaveImageByRobotandActionsCls(DownloadAndSaveImageByRobotandActionsCls.java:45)
at sun.reflect.NativeMethodAccessorImpl.invoke0(Native Method)
at sun.reflect.NativeMethodAccessorImpl.invoke(Unknown Source)
at sun.reflect.DelegatingMethodAccessorImpl.invoke(Unknown Source)
at java.lang.reflect.Method.invoke(Unknown Source)
at org.testng.internal.MethodInvocationHelper.invokeMethod(MethodInvocationHelper.java:124)
at org.testng.internal.Invoker.invokeMethod(Invoker.java:580)
at org.testng.internal.Invoker.invokeTestMethod(Invoker.java:716)
at org.testng.internal.Invoker.invokeTestMethods(Invoker.java:988)
at org.testng.internal.TestMethodWorker.invokeTestMethods(TestMethodWorker.java:125)
at org.testng.internal.TestMethodWorker.run(TestMethodWorker.java:109)
at org.testng.TestRunner.privateRun(TestRunner.java:648)
at org.testng.TestRunner.run(TestRunner.java:505)
at org.testng.SuiteRunner.runTest(SuiteRunner.java:455)
at org.testng.SuiteRunner.runSequentially(SuiteRunner.java:450)
at org.testng.SuiteRunner.privateRun(SuiteRunner.java:415)
at org.testng.SuiteRunner.run(SuiteRunner.java:364)
at org.testng.SuiteRunnerWorker.runSuite(SuiteRunnerWorker.java:52)
at org.testng.SuiteRunnerWorker.run(SuiteRunnerWorker.java:84)
at org.testng.TestNG.runSuitesSequentially(TestNG.java:1208)
at org.testng.TestNG.runSuitesLocally(TestNG.java:1137)
at org.testng.TestNG.runSuites(TestNG.java:1049)
at org.testng.TestNG.run(TestNG.java:1017)
at org.testng.remote.AbstractRemoteTestNG.run(AbstractRemoteTestNG.java:114)
at org.testng.remote.RemoteTestNG.initAndRun(RemoteTestNG.java:251)
at org.testng.remote.RemoteTestNG.main(RemoteTestNG.java:77)
]]>
    </error>
  </testcase> <!-- testDownloadAndSaveImageByRobotandActionsCls -->
</testsuite> <!-- com.AdvancedUserInteractionsAPI.webdriver.DownloadAndSaveImageByRobotandActionsCls -->
